Thu 24 Aug 2023 12:23:56 AM UTC: 
 tests:  0|6
total_score: 0/70
80dcd55
Thu 24 Aug 2023 12:36:10 AM UTC: 
 list.c | 6 +++++-
 1 file changed, 5 insertions(+), 1 deletion(-)
In file included from test.c:5:
list.c: In function ‘createList’:
list.c:34:7: error: ‘List’ {aka ‘struct List’} has no member named ‘size’
   34 |   list->size=0;
      |       ^~
Compilation failed
9b57c0d
Thu 24 Aug 2023 12:37:02 AM UTC: 
 list.c | 2 +-
 1 file changed, 1 insertion(+), 1 deletion(-)
In file included from test.c:5:
list.c: In function ‘createList’:
list.c:34:8: error: ‘size’ undeclared (first use in this function); did you mean ‘dysize’?
   34 |   list=size=0;
      |        ^~~~
      |        dysize
list.c:34:8: note: each undeclared identifier is reported only once for each function it appears in
Compilation failed
9c37861
Thu 24 Aug 2023 12:37:29 AM UTC: 
 list.c | 1 +
 1 file changed, 1 insertion(+)
In file included from test.c:5:
list.c: In function ‘createList’:
list.c:35:7: error: assignment to ‘List *’ {aka ‘struct List *’} from ‘int’ makes pointer from integer without a cast [-Werror=int-conversion]
   35 |   list=size=0;
      |       ^
cc1: all warnings being treated as errors
Compilation failed
9cc30e0
Thu 24 Aug 2023 12:37:37 AM UTC: 
 list.c | 2 +-
 1 file changed, 1 insertion(+), 1 deletion(-)
In file included from test.c:5:
list.c: In function ‘createList’:
list.c:35:7: error: ‘List’ {aka ‘struct List’} has no member named ‘size’
   35 |   list->size=0;
      |       ^~
list.c:32:7: error: unused variable ‘size’ [-Werror=unused-variable]
   32 |   int size;
      |       ^~~~
cc1: all warnings being treated as errors
Compilation failed
53b368f
Thu 24 Aug 2023 12:37:52 AM UTC: 
 list.c | 4 ++--
 1 file changed, 2 insertions(+), 2 deletions(-)
In file included from test.c:5:
list.c: In function ‘createList’:
list.c:35:7: error: ‘List’ {aka ‘struct List’} has no member named ‘size’
   35 |   list->size;
      |       ^~
list.c:32:7: error: unused variable ‘size’ [-Werror=unused-variable]
   32 |   int size=0;
      |       ^~~~
cc1: all warnings being treated as errors
Compilation failed
d856e04
Thu 24 Aug 2023 12:38:04 AM UTC: 
 list.c | 2 --
 1 file changed, 2 deletions(-)
 tests:  1|5
total_score: 10/70
5bef14d
Thu 24 Aug 2023 01:01:56 AM UTC: 
 list.c | 3 ++-
 1 file changed, 2 insertions(+), 1 deletion(-)
In file included from test.c:5:
list.c: In function ‘firstList’:
list.c:39:3: error: ‘lista’ undeclared (first use in this function); did you mean ‘list’?
   39 |   lista->current=lista->head;
      |   ^~~~~
      |   list
list.c:39:3: note: each undeclared identifier is reported only once for each function it appears in
list.c:41:1: error: control reaches end of non-void function [-Werror=return-type]
   41 | }
      | ^
cc1: all warnings being treated as errors
Compilation failed
6fd7703
Thu 24 Aug 2023 01:02:37 AM UTC: 
 list.c | 4 ++--
 1 file changed, 2 insertions(+), 2 deletions(-)
In file included from test.c:5:
list.c: In function ‘firstList’:
list.c:40:29: error: ‘Node’ has no member named ‘dato’; did you mean ‘data’?
   40 |     return &(list->current->dato);
      |                             ^~~~
      |                             data
list.c:41:1: error: control reaches end of non-void function [-Werror=return-type]
   41 | }
      | ^
cc1: all warnings being treated as errors
Compilation failed
923fbbb
Thu 24 Aug 2023 01:03:21 AM UTC: 
 list.c | 2 +-
 1 file changed, 1 insertion(+), 1 deletion(-)
In file included from test.c:5:
list.c: In function ‘firstList’:
list.c:40:27: error: ‘Node’ has no member named ‘head’
   40 |     return &(list->current->head);
      |                           ^~
list.c:41:1: error: control reaches end of non-void function [-Werror=return-type]
   41 | }
      | ^
cc1: all warnings being treated as errors
Compilation failed
7a261e0
Thu 24 Aug 2023 01:04:00 AM UTC: 
 list.c | 2 +-
 1 file changed, 1 insertion(+), 1 deletion(-)
 tests:  1|5
total_score: 10/70
0b42a4b
Thu 24 Aug 2023 01:04:18 AM UTC: 
 list.c | 2 +-
 1 file changed, 1 insertion(+), 1 deletion(-)
 tests:  1|5
total_score: 10/70
a370dde
Thu 24 Aug 2023 01:04:27 AM UTC: 
 list.c | 2 +-
 1 file changed, 1 insertion(+), 1 deletion(-)
 tests:  1|5
total_score: 10/70
2e0bdd2
Thu 24 Aug 2023 01:05:09 AM UTC: 
 list.c | 2 +-
 1 file changed, 1 insertion(+), 1 deletion(-)
 tests:  1|5
total_score: 10/70
b9afd03
Thu 24 Aug 2023 01:08:17 AM UTC: 
 list.c | 2 +-
 1 file changed, 1 insertion(+), 1 deletion(-)
 tests:  1|5
total_score: 10/70
2ac201b
Thu 24 Aug 2023 01:13:53 AM UTC: 
 list.c | 2 +-
 1 file changed, 1 insertion(+), 1 deletion(-)
 tests:  1|5
total_score: 10/70
934d84d
Thu 24 Aug 2023 02:34:22 AM UTC: 
 list.c | 2 +-
 1 file changed, 1 insertion(+), 1 deletion(-)
 tests:  0|0
f3ab972
Thu 24 Aug 2023 02:35:47 AM UTC: 
 list.c | 3 ++-
 1 file changed, 2 insertions(+), 1 deletion(-)
 tests:  0|0
b4f0a8d
Thu 24 Aug 2023 02:38:35 AM UTC: 
 list.c | 4 ++++
 1 file changed, 4 insertions(+)
 tests:  0|0
b16631b
Thu 24 Aug 2023 02:40:13 AM UTC: 
 list.c | 4 ++++
 1 file changed, 4 insertions(+)
 tests:  5|4
total_score: 25/70
3b35c5f
Thu 24 Aug 2023 02:43:36 AM UTC: 
 list.c | 12 +++++++++++-
 1 file changed, 11 insertions(+), 1 deletion(-)
In file included from test.c:5:
list.c: In function ‘lastList’:
list.c:62:3: error: expected ‘;’ before ‘}’ token
   62 |   }
      |   ^
list.c: In function ‘prevList’:
list.c:67:38: error: expected ‘;’ before ‘return’
   67 |     list->current=list->current->prev
      |                                      ^
      |                                      ;
   68 |     return list->current->data;
      |     ~~~~~~                            
list.c:72:1: error: control reaches end of non-void function [-Werror=return-type]
   72 | }
      | ^
cc1: all warnings being treated as errors
Compilation failed
ec7b3b4
Thu 24 Aug 2023 02:43:51 AM UTC: 
 list.c | 2 +-
 1 file changed, 1 insertion(+), 1 deletion(-)
In file included from test.c:5:
list.c: In function ‘prevList’:
list.c:67:38: error: expected ‘;’ before ‘return’
   67 |     list->current=list->current->prev
      |                                      ^
      |                                      ;
   68 |     return list->current->data;
      |     ~~~~~~                            
list.c:72:1: error: control reaches end of non-void function [-Werror=return-type]
   72 | }
      | ^
cc1: all warnings being treated as errors
Compilation failed
eaded68
Thu 24 Aug 2023 02:43:58 AM UTC: 
 list.c | 2 +-
 1 file changed, 1 insertion(+), 1 deletion(-)
 tests:  9|3
total_score: 35/70
e5812e1
Thu 24 Aug 2023 02:46:41 AM UTC: 
 list.c | 9 +++++++++
 1 file changed, 9 insertions(+)
 tests:  10|2
total_score: 45/70
11374dd
Thu 24 Aug 2023 02:50:53 AM UTC: 
 list.c | 9 +++++++++
 1 file changed, 9 insertions(+)
 tests:  11|1
total_score: 55/70
415291f
Thu 24 Aug 2023 02:59:28 AM UTC: 
 list.c | 20 +++++++++++++++++++-
 1 file changed, 19 insertions(+), 1 deletion(-)
In file included from test.c:5:
list.c: In function ‘popCurrent’:
list.c:114:3: error: parameter names (without types) in function declaration [-Werror]
  114 |   Node* newNode(data);
      |   ^~~~
list.c:115:14: error: ‘currentNode’ undeclared (first use in this function)
  115 |   void* data=currentNode->data;
      |              ^~~~~~~~~~~
list.c:115:14: note: each undeclared identifier is reported only once for each function it appears in
list.c:132:14: error: expected ‘;’ before ‘}’ token
  132 |   return data
      |              ^
      |              ;
  133 | }
      | ~             
cc1: all warnings being treated as errors
Compilation failed
3cf9a77
Thu 24 Aug 2023 02:59:47 AM UTC: 
 list.c | 2 +-
 1 file changed, 1 insertion(+), 1 deletion(-)
In file included from test.c:5:
list.c: In function ‘popCurrent’:
list.c:114:3: error: parameter names (without types) in function declaration [-Werror]
  114 |   Node* currentNode(data);
      |   ^~~~
list.c:115:25: error: request for member ‘data’ in something not a structure or union
  115 |   void* data=currentNode->data;
      |                         ^~
list.c:116:18: error: request for member ‘prev’ in something not a structure or union
  116 |   if (currentNode->prev!=NULL){
      |                  ^~
list.c:117:16: error: request for member ‘prev’ in something not a structure or union
  117 |     currentNode->prev->next=currentNode->next;
      |                ^~
list.c:117:40: error: request for member ‘next’ in something not a structure or union
  117 |     currentNode->prev->next=currentNode->next;
      |                                        ^~
list.c:119:27: error: request for member ‘next’ in something not a structure or union
  119 |     list->head=currentNode->next;
      |                           ^~
list.c:121:17: error: request for member ‘next’ in something not a structure or union
  121 |   if(currentNode->next!=NULL){
      |                 ^~
list.c:122:16: error: request for member ‘next’ in something not a structure or union
  122 |     currentNode->next->prev=currentNode->prev;
      |                ^~
list.c:122:40: error: request for member ‘prev’ in something not a structure or union
  122 |     currentNode->next->prev=currentNode->prev;
      |                                        ^~
list.c:124:27: error: request for member ‘prev’ in something not a structure or union
  124 |     list->tail=currentNode->prev;
      |                           ^~
list.c:126:18: error: request for member ‘prev’ in something not a structure or union
  126 |   if (currentNode->prev==NULL && currentNode->next==NULL){
      |                  ^~
list.c:126:45: error: request for member ‘next’ in something not a structure or union
  126 |   if (currentNode->prev==NULL && currentNode->next==NULL){
      |                                             ^~
list.c:130:28: error: request for member ‘next’ in something not a structure or union
  130 |   list->current=currentNode->next;
      |                            ^~
list.c:132:14: error: expected ‘;’ before ‘}’ token
  132 |   return data
      |              ^
      |              ;
  133 | }
      | ~             
cc1: all warnings being treated as errors
Compilation failed
61be7c4
Thu 24 Aug 2023 03:00:32 AM UTC: 
 list.c | 2 +-
 1 file changed, 1 insertion(+), 1 deletion(-)
In file included from test.c:5:
list.c: In function ‘popCurrent’:
list.c:132:14: error: expected ‘;’ before ‘}’ token
  132 |   return data
      |              ^
      |              ;
  133 | }
      | ~             
Compilation failed
3507d79
